>>>>>>>>>>>>>>>>>>>>>>>>>>>>>>>>>>>>>>
>>>> This is penEasy v.2015-05-30 >>>>
>>>>>>>>>>>>>>>>>>>>>>>>>>>>>>>>>>>>>>
 
Program started on 25 Mar 2022  15:22:51                                                                               
 
>>>>>>>>>>>>>>>>>>>>>>>>>>>>>>>>>>>>>>>>>>>>>>>>>>>>>>>>>>>>
[SECTION CONFIG v.2013-03-18]
No. of histories requested: 
 4.70000E+01
Allotted time (s):
 1.00000E+30
Update interval:
 1.00000E+01
Random seeds:
 1 1
Simulation dump requested. Dump file name:
 penEasy.dmp                                                                     
Interval between dumps:
 1.80000E+03
>>>> Config initialization finished >>>>
  
>>>>>>>>>>>>>>>>>>>>>>>>>>>>>>>>>>>>>>>>>>>>>>>>>>>>>>>>>>>>
[SECTION SOURCE BOX ISOTROPIC GAUSS SPECTRUM v.2014-12-21]
Memory used by static arrays (MB):
  7.68000E-01
Particle type:
 2
Photon polarization physics:
  not activated
Coordinates of box center (cm):
  0.00000E+00  0.00000E+00 -1.00000E+02
Box sides (cm):
  0.00000E+00  0.00000E+00  0.00000E+00
FWHMs of x and y distribs. (cm):
  0.00000E+00  0.00000E+00
Euler angles for box rotation (deg):
  0.00000E+00  0.00000E+00  0.00000E+00
Translation of box center (cm):
  0.00000E+00  0.00000E+00  0.00000E+00
Source material:
 0
Direction vector (u,v,w):
  0.00000E+00  0.00000E+00  1.00000E+00
Polar angle interval, [theta0,theta1](deg):
  0.00000E+00  0.00000E+00
Azimuthal angle interval, phi0 and Dphi (deg):
  0.00000E+00  3.60000E+02
Apply to direction same rotation use for box position?
 Yes
Reading energy spectrum from config file.
  Energy(eV)  Relat.Probability   Bin#
  1.31100E+06  1.00000E+00 1
  1.31100E+06 -1.00000E+00 2
No. of bins read:
 1
Sum of relative probabilities before normalization:
  1.00000E+00
FWHM of Gaussian energy distrib. (eV):
  0.00000E+00
>>>> BIGS source initialization finished >>>>
 
>>>>>>>>>>>>>>>>>>>>>>>>>>>>>>>>>>>>>>>>>>>>>>>>>>>>>>>>>>>>
[SECTION SOURCE PHASE SPACE FILE v.2009-06-15]
>>>> Source Phase Space File is OFF >>>>
 
>>>>>>>>>>>>>>>>>>>>>>>>>>>>>>>>>>>>>>>>>>>>>>>>>>>>>>>>>>>>
[SECTION PENGEOM+PENVOX v.2009-06-15]
 
>>>> Initializing quadric geometry >>>>
Opening quadric geometry file:
 box.geo                                                                         
Now calling PENGEOM...
 
0000000000000000000000000000000000000000000000000000000000000000
SURFACE (   1)   Plane Z=0.00                                        
INDICES=( 0, 0, 0, 1, 0)
0000000000000000000000000000000000000000000000000000000000000000
SURFACE (   2)   Plane Z=2.00                                        
INDICES=( 0, 0, 0, 1, 0)
Z-SHIFT=( 1.000000000000000E-01,   0)       
0000000000000000000000000000000000000000000000000000000000000000
SURFACE (   3)   Plane X=5.50                                        
INDICES=( 0, 0, 0, 1, 0)
  OMEGA=( 0.000000000000000E+00,   0) DEG   
  THETA=( 9.000000000000000E+01,   0) DEG   
X-SHIFT=( 1.000000000000000E+01,   0)       
0000000000000000000000000000000000000000000000000000000000000000
SURFACE (   4)   Plane X=-5.50                                       
INDICES=( 0, 0, 0, 1, 0)
  OMEGA=( 0.000000000000000E+00,   0) DEG   
  THETA=( 9.000000000000000E+01,   0) DEG   
X-SHIFT=(-1.000000000000000E+01,   0)       
0000000000000000000000000000000000000000000000000000000000000000
SURFACE (   5)   Plane Y=11.50                                       
INDICES=( 0, 0, 0, 1, 0)
  OMEGA=( 9.000000000000000E+01,   0) DEG   
  THETA=( 9.000000000000000E+01,   0) DEG   
    PHI=( 1.570796326794896E+00,   0) RAD   
Y-SHIFT=( 1.000000000000000E+01,   0)       
0000000000000000000000000000000000000000000000000000000000000000
SURFACE (   6)   Plane Y=-11.50                                      
INDICES=( 0, 0, 0, 1, 0)
  OMEGA=( 9.000000000000000E+01,   0) DEG   
  THETA=( 9.000000000000000E+01,   0) DEG   
    PHI=( 1.570796326794896E+00,   0) RAD   
Y-SHIFT=(-1.000000000000000E+01,   0)       
0000000000000000000000000000000000000000000000000000000000000000
MODULE  (   1)   box                                                 
MATERIAL(   1)
SURFACE (   1), SIDE POINTER=( 1)
SURFACE (   2), SIDE POINTER=(-1)
SURFACE (   3), SIDE POINTER=(-1)
SURFACE (   4), SIDE POINTER=( 1)
SURFACE (   5), SIDE POINTER=(-1)
SURFACE (   6), SIDE POINTER=( 1)
0000000000000000000000000000000000000000000000000000000000000000
END      0000000000000000000000000000000000000000000000000000000



*****************************************
****     PENGEOM (version 2014)      ****
****  Constructive Quadric Geometry  ****
*****************************************



************  Genealogical tree. 


*** MODULE =    1,  KMOTH =    0,  MAT =  1
KDGHT =    1
KSURF =    1    2    3    4    5    6
KFLAG =    2    1    1    2    1    2

The module    1 is the enclosure.


************  Adequacy of the geometry definition.

The largest number of bodies in a module or
     bodies limiting a single body is ............    1

The largest number of limiting surfaces for
     a single body or module is ..................    6


The simulation of this geometry will be relatively fast,
     no further optimization seems to be required.

************  The end.
 
>>>> Quadric geometry initialization finished >>>>
 
No voxels geometry file defined.
 
No. of materials referenced in the geometry:
 1
 
>>>> Geometry initialization finished >>>>
 
>>>>>>>>>>>>>>>>>>>>>>>>>>>>>>>>>>>>>>>>>>>>>>>>>>>>>>>>>>>>
[SECTION PENELOPE v.2009-10-01]
 
MAT#  FILENAME             EABS(e-)  EABS(ph)  EABS(e+)  C1        C2        WCC       WCR       DSMAX
 1    mat/water_1.mat      5.000E+03 5.000E+03 5.000E+03 2.000E-01 2.000E-01 1.000E+05 1.000E+04 1.000E+30
 
Now calling PEINIT...
 

 **********************************
 **   PENELOPE  (version 2014)   **
 **********************************

 EMIN = 5.0000E+03 eV,  EMAX = 1.3123E+06 eV


 **********************
 **   1st material   **
 **********************

 Material data file: mat/water_1.mat     

 *** Simulation parameters:
     Electron absorption energy = 5.0000E+03 eV
       Photon absorption energy = 5.0000E+03 eV
     Positron absorption energy = 5.0000E+03 eV
      C1 = 2.0000E-01,       C2 = 2.0000E-01
     WCC = 5.0000E+03 eV,   WCR = 5.0000E+03 eV

 PENELOPE (v. 2014)  Material data file ...............
 Material: WATER, LIQUID  (278)                                          
 Mass density = 1.00000000E+01 g/cm**3
 Number of elements in the molecule =  2
    Element: H  (Z= 1), atoms/molecule = 2.00000000E+00
    Element: O  (Z= 8), atoms/molecule = 1.00000000E+00
 Mean excitation energy = 7.50000000E+01 eV
 PENELOPE (v. 2014)  End of material data file ........
 
CPU time used to init PENELOPE (s):
      2.20
 
>>>> PENELOPE initialization finished >>>>
 
>>>>>>>>>>>>>>>>>>>>>>>>>>>>>>>>>>>>>>>>>>>>>>>>>>>>>>>>>>>>
[SECTION TALLY VOXEL DOSE v.2014-12-27]
>>>> Tally Voxel Dose Distribution is OFF >>>>
 
>>>>>>>>>>>>>>>>>>>>>>>>>>>>>>>>>>>>>>>>>>>>>>>>>>>>>>>>>>>>
[SECTION TALLY SPATIAL DOSE DISTRIB v.2009-06-15]
>>>> Tally Spatial Dose Distrib is OFF >>>>
  
>>>>>>>>>>>>>>>>>>>>>>>>>>>>>>>>>>>>>>>>>>>>>>>>>>>>>>>>>>>>
[SECTION TALLY CYLINDRICAL DOSE DISTRIB v.2009-06-15]
Memory used by static arrays (MB):
  4.00000E+00
>>>> Tally Cylindrical Dose Distrib is OFF >>>>
  
>>>>>>>>>>>>>>>>>>>>>>>>>>>>>>>>>>>>>>>>>>>>>>>>>>>>>>>>>>>>
[SECTION TALLY SPHERICAL DOSE DISTRIB v.2009-06-15]
Memory used by static arrays (MB):
  1.28000E+00
>>>> Tally Spherical Dose Distrib is OFF >>>>
  
>>>>>>>>>>>>>>>>>>>>>>>>>>>>>>>>>>>>>>>>>>>>>>>>>>>>>>>>>>>>
[SECTION TALLY ENERGY DEPOSITION v.2012-06-01]
Memory used by static arrays (MB):
  2.40000E-04
Detection material set to:
 1
Relative uncertainty (%) requested:
  0.00000E+00
>>>> EDP tally initialization finished >>>>
  
>>>>>>>>>>>>>>>>>>>>>>>>>>>>>>>>>>>>>>>>>>>>>>>>>>>>>>>>>>>>
[SECTION TALLY PULSE HEIGHT SPECTRUM v.2012-06-01]
Memory used by static arrays (MB):
  5.12000E-01
>>>> Tally Pulse Height Spectrum is OFF >>>>
  
>>>>>>>>>>>>>>>>>>>>>>>>>>>>>>>>>>>>>>>>>>>>>>>>>>>>>>>>>>>>
[SECTION TALLY PIXELATED IMAGING DETECTOR v.2015-02-06]
>>>> Tally Pixelated Imaging Detector is OFF >>>>
  
>>>>>>>>>>>>>>>>>>>>>>>>>>>>>>>>>>>>>>>>>>>>>>>>>>>>>>>>>>>>
[SECTION TALLY FLUENCE TRACK LENGTH v.2012-06-01]
Memory used by static arrays (MB):
  3.58400E+00
>>>> Tally Fluence Track Length is OFF >>>>
  
>>>>>>>>>>>>>>>>>>>>>>>>>>>>>>>>>>>>>>>>>>>>>>>>>>>>>>>>>>>>
[SECTION TALLY PHASE SPACE FILE v.2009-06-15]
>>>> Tally Phase Space File is OFF >>>>
  
>>>>>>>>>>>>>>>>>>>>>>>>>>>>>>>>>>>>>>>>>>>>>>>>>>>>>>>>>>>>
[SECTION TALLY PARTICLE CURRENT SPECTRUM v.2009-06-15]
Memory used by static arrays (MB):
  3.07200E+00
>>>> Tally Particle Current Spectrum is OFF >>>>
  
>>>>>>>>>>>>>>>>>>>>>>>>>>>>>>>>>>>>>>>>>>>>>>>>>>>>>>>>>>>>
[SECTION TALLY PARTICLE TRACK STRUCTURE v.2009-06-15]
Number of history tracks to display:
 200
>>>> PTS tally initialization finished >>>>
 
>>>>>>>>>>>>>>>>>>>>>>>>>>>>>>>>>>>>>>>>>>>>>>>>>>>>>>>>>>>>
[SECTION INTERACTION FORCING v.2009-06-15]
>>>> Interaction Forcing is OFF >>>>
 
>>>>>>>>>>>>>>>>>>>>>>>>>>>>>>>>>>>>>>>>>>>>>>>>>>>>>>>>>>>>
[SECTION SPLITTING v.2015-05-30]
>>>> Particle splitting is OFF >>>>
 
>>>>>>>>>>>>>>>>>>>>>>>>>>>>>>>>>>>>>>>>>>>>>>>>>>>>>>>>>>>>
[SECTION RUSSIAN ROULETTE v.2009-06-15]
>>>> Russian roulette is OFF >>>>
 
 
>>>>>>>>>>>>>>>>>>>>>>>>>>>>>>>>>>>>>>>>>>>>>>>>>>>>>>>>>>>>
init: INITIALIZATION ENDED
Elapsed real time:     2.54 s
Elapsed CPU time :     2.25 s
Memory used by penEasy arrays: 1.5E+01 MB
>>>>>>>>>>>>>>>>>>>>>>>>>>>>>>>>>>>>>>>>>>>>>>>>>>>>>>>>>>>>
 
 
>>>>>>>>>>>>>>>>>>>>>>>>>>>>>>>>>>>>>>>>>>>>>>>>>>>>>>>>>>>>
report: SIMULATION ENDED
Results have been written to the corresponding DAT files.
>>>>>>>>>>>>>>>>>>>>>>>>>>>>>>>>>>>>>>>>>>>>>>>>>>>>>>>>>>>>
 
Last random seeds:
 1899109832 2126549892
Elapsed real time (s), excluding init:
  2.81000E-01
Elapsed CPU time (s), excluding init:
  2.18750E-01
Each report update took (in CPU s):
  0.00000E+00
No. of histories simulated:
                47.
CPU Speed (histories/s):
  2.14857E+02
 
Program ended on 25 Mar 2022  15:22:54                                                                               
 
Have a nice day.
